2023.06.27 09:59:42 INFO  Started: Metals version 0.11.12 in workspace '/Users/fenghuiting/Desktop/PRJ_FP/prj_fp' for client Visual Studio Code 1.79.0.
juin 27, 2023 9:59:42 AM org.flywaydb.core.internal.license.VersionPrinter printVersionOnly
INFO: Flyway Community Edition 9.16.3 by Redgate
juin 27, 2023 9:59:42 AM org.flywaydb.core.internal.license.VersionPrinter printVersion
INFO: See release notes here: https://rd.gt/416ObMi
juin 27, 2023 9:59:42 AM org.flywaydb.core.internal.license.VersionPrinter printVersion
INFO: 
juin 27, 2023 9:59:42 AM org.flywaydb.core.internal.database.base.BaseDatabaseType createDatabase
INFO: Database: jdbc:h2:file:/Users/fenghuiting/Desktop/PRJ_FP/prj_fp/.metals/metals (H2 2.1)
juin 27, 2023 9:59:42 AM org.flywaydb.core.internal.schemahistory.JdbcTableSchemaHistory allAppliedMigrations
INFO: Schema history table "PUBLIC"."flyway_schema_history" does not exist yet
juin 27, 2023 9:59:42 AM org.flywaydb.core.internal.command.DbValidate validate
INFO: Successfully validated 4 migrations (execution time 00:00.013s)
juin 27, 2023 9:59:42 AM org.flywaydb.core.internal.schemahistory.JdbcTableSchemaHistory create
INFO: Creating Schema History table "PUBLIC"."flyway_schema_history" ...
juin 27, 2023 9:59:42 AM org.flywaydb.core.internal.command.DbMigrate migrateGroup
INFO: Current version of schema "PUBLIC": << Empty Schema >>
juin 27, 2023 9:59:42 AM org.flywaydb.core.internal.command.DbMigrate doMigrateGroup
INFO: Migrating schema "PUBLIC" to version "1 - Create tables"
juin 27, 2023 9:59:42 AM org.flywaydb.core.internal.command.DbMigrate doMigrateGroup
INFO: Migrating schema "PUBLIC" to version "2 - Server discovery"
juin 27, 2023 9:59:42 AM org.flywaydb.core.internal.command.DbMigrate doMigrateGroup
INFO: Migrating schema "PUBLIC" to version "3 - Jar symbols"
juin 27, 2023 9:59:42 AM org.flywaydb.core.internal.command.DbMigrate doMigrateGroup
INFO: Migrating schema "PUBLIC" to version "4 - Fingerprints"
juin 27, 2023 9:59:42 AM org.flywaydb.core.internal.command.DbMigrate logSummary
INFO: Successfully applied 4 migrations to schema "PUBLIC", now at version v4 (execution time 00:00.041s)
2023.06.27 09:59:42 INFO  time: initialize in 0.51s
2023.06.27 09:59:43 WARN  Build server is not auto-connectable.
2023.06.27 10:00:27 WARN  no build target for: /Users/fenghuiting/Desktop/PRJ_FP/prj_fp/src/main/scala/test.worksheet.sc
2023.06.27 10:00:30 INFO  no build target found for /Users/fenghuiting/Desktop/PRJ_FP/prj_fp/src/main/scala/test.worksheet.sc. Using presentation compiler with project's scala-library version: 3.2.2
2023.06.27 10:00:31 INFO  time: code lens generation in 3.22s
2023.06.27 10:00:32 INFO  no build target found for /Users/fenghuiting/Desktop/PRJ_FP/prj_fp/src/main/scala/test.worksheet.sc. Using presentation compiler with project's scala-library version: 3.2.2
2023.06.27 10:00:32 INFO  time: evaluated worksheet 'test.worksheet.sc' in 5.3s
2023.06.27 10:00:44 WARN  no build target for: /Users/fenghuiting/Desktop/PRJ_FP/prj_fp/src/main/scala/test.worksheet.sc
2023.06.27 10:00:44 INFO  time: evaluated worksheet 'test.worksheet.sc' in 0.95s
2023.06.27 10:01:35 WARN  no build target for: /Users/fenghuiting/Desktop/PRJ_FP/prj_fp/src/main/scala/test.worksheet.sc
2023.06.27 10:01:36 INFO  time: evaluated worksheet 'test.worksheet.sc' in 0.32s
2023.06.27 10:01:36 WARN  no build target for: /Users/fenghuiting/Desktop/PRJ_FP/prj_fp/src/main/scala/test.worksheet.sc
2023.06.27 10:01:36 WARN  no build target for: /Users/fenghuiting/Desktop/PRJ_FP/prj_fp/src/main/scala/test.worksheet.sc
2023.06.27 10:01:36 WARN  no build target for: /Users/fenghuiting/Desktop/PRJ_FP/prj_fp/src/main/scala/test.worksheet.sc
2023.06.27 10:01:36 INFO  time: evaluated worksheet 'test.worksheet.sc' in 0.29s
2023.06.27 10:01:36 INFO  time: evaluated worksheet 'test.worksheet.sc' in 0.32s
2023.06.27 10:01:36 INFO  time: evaluated worksheet 'test.worksheet.sc' in 0.28s
2023.06.27 10:02:26 WARN  no build target for: /Users/fenghuiting/Desktop/PRJ_FP/prj_fp/src/main/scala/test.worksheet.sc
2023.06.27 10:02:26 INFO  time: evaluated worksheet 'test.worksheet.sc' in 0.36s
2023.06.27 10:02:27 WARN  no build target for: /Users/fenghuiting/Desktop/PRJ_FP/prj_fp/src/main/scala/test.worksheet.sc
2023.06.27 10:02:26 INFO  time: evaluated worksheet 'test.worksheet.sc' in 0.24s
2023.06.27 10:09:30 WARN  no build target for: /Users/fenghuiting/Desktop/PRJ_FP/prj_fp/src/main/scala/test.worksheet.sc
2023.06.27 10:09:31 INFO  time: evaluated worksheet 'test.worksheet.sc' in 0.27s
2023.06.27 10:09:33 WARN  no build target for: /Users/fenghuiting/Desktop/PRJ_FP/prj_fp/src/main/scala/test.worksheet.sc
2023.06.27 10:09:33 INFO  time: evaluated worksheet 'test.worksheet.sc' in 0.22s
